<?xml version="1.0" encoding="UTF-8"?>
<!-- Generated by org.testng.reporters.JUnitXMLReporter -->
<testsuite ignored="3" hostname="LAPTOP-THRAT7PR" failures="0" tests="1" name="FirefoxTest" time="20.144" errors="0" timestamp="2024-08-05T18:48:47 NZST">
  <testcase classname="testscripts.LoginTest" name="verifyWhetherTheUserIsAbleToLoginWithCorrectUserNameAndCorrectPassword" time="2.313"/>
  <testcase classname="testscripts.LoginTest" name="verifyWhetherTheUserIsAbleToLoginWithCorrectUserNameAndWrongPassword" time="0.0">
    <ignored/>
  </testcase> <!-- verifyWhetherTheUserIsAbleToLoginWithCorrectUserNameAndWrongPassword -->
  <testcase classname="testscripts.LoginTest" name="verifyWhetherTheUserIsAbleToLoginWithWrongUserNameAndCorrectPassword" time="0.0">
    <ignored/>
  </testcase> <!-- verifyWhetherTheUserIsAbleToLoginWithWrongUserNameAndCorrectPassword -->
  <testcase classname="testscripts.LoginTest" name="verifyWhetherTheUserIsAbleToLoginWithWrongUserNameAndWrongPassword" time="0.0">
    <ignored/>
  </testcase> <!-- verifyWhetherTheUserIsAbleToLoginWithWrongUserNameAndWrongPassword -->
</testsuite> <!-- FirefoxTest -->
