<?xml version="1.0" encoding="UTF-8"?>
<!-- Generated by org.testng.reporters.JUnitXMLReporter -->
<testsuite ignored="4" hostname="LAPTOP-THRAT7PR" failures="0" tests="2" name="Test" time="11.985" errors="0" timestamp="2024-08-11T22:39:22 NZST">
  <testcase classname="testscripts.LoginTest" name="verifyWhetherUserIsUnabletoLoginUsingIncorrectUserNameAndInCorrectPassword" time="0.774"/>
  <testcase classname="testscripts.LoginTest" name="verifyWhetherUserIsUnabletoLoginUsingIncorrectUserNameAndInCorrectPassword" time="0.618"/>
  <testcase classname="testscripts.LoginTest" name="verifyWhetherTheUserIsAbleToLoginWithWrongUserNameAndWrongPassword" time="0.0">
    <ignored/>
  </testcase> <!-- verifyWhetherTheUserIsAbleToLoginWithWrongUserNameAndWrongPassword -->
  <testcase classname="testscripts.LoginTest" name="verifyWhetherTheUserIsAbleToLoginWithCorrectUserNameAndCorrectPassword" time="0.0">
    <ignored/>
  </testcase> <!-- verifyWhetherTheUserIsAbleToLoginWithCorrectUserNameAndCorrectPassword -->
  <testcase classname="testscripts.LoginTest" name="verifyWhetherTheUserIsAbleToLoginWithWrongUserNameAndCorrectPassword" time="0.0">
    <ignored/>
  </testcase> <!-- verifyWhetherTheUserIsAbleToLoginWithWrongUserNameAndCorrectPassword -->
  <testcase classname="testscripts.LoginTest" name="verifyWhetherTheUserIsAbleToLoginWithCorrectUserNameAndWrongPassword" time="0.0">
    <ignored/>
  </testcase> <!-- verifyWhetherTheUserIsAbleToLoginWithCorrectUserNameAndWrongPassword -->
</testsuite> <!-- Test -->
