<?xml version="1.0" encoding="UTF-8"?>
<!-- Generated by org.testng.reporters.JUnitXMLReporter -->
<testsuite ignored="3" hostname="LAPTOP-THRAT7PR" failures="0" tests="1" name="Test" time="11.739" errors="0" timestamp="2024-08-08T18:47:16 NZST">
  <testcase classname="testscripts.LoginTest" name="verifyWhetherTheUserIsAbleToLoginWithCorrectUserNameAndCorrectPassword" time="2.795"/>
  <testcase classname="testscripts.LoginTest" name="verifyWhetherTheUserIsAbleToLoginWithCorrectUserNameAndWrongPassword" time="0.0">
    <ignored/>
  </testcase> <!-- verifyWhetherTheUserIsAbleToLoginWithCorrectUserNameAndWrongPassword -->
  <testcase classname="testscripts.LoginTest" name="verifyWhetherTheUserIsAbleToLoginWithWrongUserNameAndWrongPassword" time="0.0">
    <ignored/>
  </testcase> <!-- verifyWhetherTheUserIsAbleToLoginWithWrongUserNameAndWrongPassword -->
  <testcase classname="testscripts.LoginTest" name="verifyWhetherTheUserIsAbleToLoginWithWrongUserNameAndCorrectPassword" time="0.0">
    <ignored/>
  </testcase> <!-- verifyWhetherTheUserIsAbleToLoginWithWrongUserNameAndCorrectPassword -->
</testsuite> <!-- Test -->
