<?xml version="1.0" encoding="UTF-8"?>
<testng-results ignored="0" total="1" passed="1" failed="0" skipped="0">
  <reporter-output>
  </reporter-output>
  <suite started-at="2024-08-08T18:47:04 NZST" name="Suite" finished-at="2024-08-08T18:47:15 NZST" duration-ms="11739">
    <groups>
      <group name="Regression">
        <method signature="LoginTest.verifyWhetherTheUserIsAbleToLoginWithCorrectUserNameAndCorrectPassword()[pri:0, instance:testscripts.LoginTest@7fb95505]" name="verifyWhetherTheUserIsAbleToLoginWithCorrectUserNameAndCorrectPassword" class="testscripts.LoginTest"/>
      </group> <!-- Regression -->
    </groups>
    <test started-at="2024-08-08T18:47:04 NZST" name="Test" finished-at="2024-08-08T18:47:15 NZST" duration-ms="11739">
      <class name="testscripts.LoginTest">
        <test-method is-config="true" signature="initalizeBrowser(java.lang.String)[pri:0, instance:testscripts.LoginTest@7fb95505]" started-at="2024-08-08T18:47:04 NZST" name="initalizeBrowser" finished-at="2024-08-08T18:47:12 NZST" duration-ms="8612" status="PASS">
          <params>
            <param index="0">
              <value>
                <![CDATA[Chrome]]>
              </value>
            </param>
          </params>
          <reporter-output>
          </reporter-output>
        </test-method> <!-- initalizeBrowser -->
        <test-method signature="verifyWhetherTheUserIsAbleToLoginWithCorrectUserNameAndCorrectPassword()[pri:0, instance:testscripts.LoginTest@7fb95505]" started-at="2024-08-08T18:47:12 NZST" name="verifyWhetherTheUserIsAbleToLoginWithCorrectUserNameAndCorrectPassword" description="This test case is for correct login" finished-at="2024-08-08T18:47:15 NZST" duration-ms="2795" status="PASS">
          <reporter-output>
          </reporter-output>
        </test-method> <!-- verifyWhetherTheUserIsAbleToLoginWithCorrectUserNameAndCorrectPassword -->
        <test-method is-config="true" signature="browserQuit(org.testng.ITestResult)[pri:0, instance:testscripts.LoginTest@7fb95505]" started-at="2024-08-08T18:47:15 NZST" name="browserQuit" finished-at="2024-08-08T18:47:15 NZST" duration-ms="275" status="PASS">
          <params>
            <param index="0">
              <value>
                <![CDATA[[TestResult name=verifyWhetherTheUserIsAbleToLoginWithCorrectUserNameAndCorrectPassword status=SUCCESS method=LoginTest.verifyWhetherTheUserIsAbleToLoginWithCorrectUserNameAndCorrectPassword()[pri:0, instance:testscripts.LoginTest@7fb95505] output={null}]]]>
              </value>
            </param>
          </params>
          <reporter-output>
          </reporter-output>
        </test-method> <!-- browserQuit -->
      </class> <!-- testscripts.LoginTest -->
    </test> <!-- Test -->
  </suite> <!-- Suite -->
</testng-results>
